Build started 2013/10/2 14:01:46.
     1>Project "E:\MFC\SpeechRecognition\SpeechRecognition\SpeechRecognition.vcxproj" on node 2 (build target(s)).
     1>InitializeBuildStatus:
         Creating "Debug\SpeechRecognition.unsuccessfulbuild" because "AlwaysCreate" was specified.
       ClCompile:
         All outputs are up-to-date.
         C:\Program Files (x86)\Microsoft Visual Studio 10.0\VC\bin\CL.exe /c /Zi /nologo /W3 /WX- /Od /D WIN32 /D _WINDOWS /D _DEBUG /D _UNICODE /D UNICODE /Gm /EHsc /RTC1 /MTd /GS /fp:precise /Zc:wchar_t /Zc:forScope /Yu"StdAfx.h" /Fp"Debug\SpeechRecognition.pch" /Fo"Debug\\" /Fd"Debug\vc100.pdb" /Gd /TP /analyze- /errorReport:prompt SpeechRecognitionDlg.cpp
         SpeechRecognitionDlg.cpp
     1>SpeechRecognitionDlg.cpp(197): warning C4244: 'argument' : conversion from 'double' to 'int', possible loss of data
     1>SpeechRecognitionDlg.cpp(198): warning C4244: 'argument' : conversion from 'double' to 'int', possible loss of data
     1>SpeechRecognitionDlg.cpp(373): warning C4244: 'argument' : conversion from 'double' to 'int', possible loss of data
     1>SpeechRecognitionDlg.cpp(374): warning C4244: '=' : conversion from 'double' to 'int', possible loss of data
     1>SpeechRecognitionDlg.cpp(391): warning C4244: '=' : conversion from 'double' to 'int', possible loss of data
     1>SpeechRecognitionDlg.cpp(393): warning C4244: 'argument' : conversion from 'double' to 'int', possible loss of data
     1>SpeechRecognitionDlg.cpp(394): warning C4244: '=' : conversion from 'double' to 'int', possible loss of data
     1>SpeechRecognitionDlg.cpp(459): warning C4244: '=' : conversion from 'double' to 'int', possible loss of data
       ResourceCompile:
         All outputs are up-to-date.
       ManifestResourceCompile:
         All outputs are up-to-date.
       Link:
         C:\Program Files (x86)\Microsoft Visual Studio 10.0\VC\bin\link.exe /ERRORREPORT:PROMPT /OUT:"E:\MFC\SpeechRecognition\SpeechRecognition.exe" /INCREMENTAL /NOLOGO /LIBPATH:D:\matlab\extern\lib\win32 libeng.lib libmx.lib libmat.lib libTest.lib /MANIFEST /ManifestFile:"Debug\SpeechRecognition.exe.intermediate.manifest" /MANIFESTUAC:"level='asInvoker' uiAccess='false'" /DEBUG /PDB:"E:\MFC\SpeechRecognition\SpeechRecognition.pdb" /SUBSYSTEM:WINDOWS /TLBID:1 /ENTRY:"wWinMainCRTStartup" /DYNAMICBASE /NXCOMPAT /IMPLIB:"E:\MFC\SpeechRecognition\SpeechRecognition.lib" /MACHINE:X86 Debug\SpeechRecognition.res
         Debug\SpeechRecognition.exe.embed.manifest.res
         Debug\mscomm.obj
         Debug\SpeechRecognition.obj
         Debug\SpeechRecognitionDlg.obj
         Debug\stdafx.obj
         Debug\TimeGetFs.obj
         Debug\TrainDlg.obj
       Manifest:
         C:\Program Files (x86)\Microsoft SDKs\Windows\v7.0A\bin\mt.exe /nologo /verbose /out:"Debug\SpeechRecognition.exe.embed.manifest" /manifest Debug\SpeechRecognition.exe.intermediate.manifest "C:\Program Files (x86)\Microsoft Visual Studio 10.0\VC\Include\Manifest\dpiaware.manifest"
         All outputs are up-to-date.
       LinkEmbedManifest:
         All outputs are up-to-date.
         SpeechRecognition.vcxproj -> E:\MFC\SpeechRecognition\SpeechRecognition.exe
       FinalizeBuildStatus:
         Deleting file "Debug\SpeechRecognition.unsuccessfulbuild".
         Touching "Debug\SpeechRecognition.lastbuildstate".
     1>Done Building Project "E:\MFC\SpeechRecognition\SpeechRecognition\SpeechRecognition.vcxproj" (build target(s)).

Build succeeded.

Time Elapsed 00:00:21.89
