Build started 2013/9/20 17:37:13.
     1>Project "E:\MFC\SpeechRecognition\SpeechRecognition\SpeechRecognition.vcxproj" on node 2 (build target(s)).
     1>InitializeBuildStatus:
         Touching "x64\Debug\SpeechRecognition.unsuccessfulbuild".
       ClCompile:
         All outputs are up-to-date.
         All outputs are up-to-date.
       ResourceCompile:
         All outputs are up-to-date.
       ManifestResourceCompile:
         All outputs are up-to-date.
       Link:
         C:\Program Files (x86)\Microsoft Visual Studio 10.0\VC\bin\x86_amd64\link.exe /ERRORREPORT:PROMPT /OUT:"E:\MFC\SpeechRecognition\x64\Debug\SpeechRecognition.exe" /INCREMENTAL /NOLOGO libmat.lib libeng.lib libmx.lib libmex.lib /MANIFEST /ManifestFile:"x64\Debug\SpeechRecognition.exe.intermediate.manifest" /MANIFESTUAC:"level='asInvoker' uiAccess='false'" /DEBUG /PDB:"E:\MFC\SpeechRecognition\x64\Debug\SpeechRecognition.pdb" /SUBSYSTEM:WINDOWS /TLBID:1 /ENTRY:"wWinMainCRTStartup" /DYNAMICBASE /NXCOMPAT /IMPLIB:"E:\MFC\SpeechRecognition\x64\Debug\SpeechRecognition.lib" /MACHINE:X64 x64\Debug\SpeechRecognition.res
         x64\Debug\SpeechRecognition.exe.embed.manifest.res
         x64\Debug\mscomm.obj
         x64\Debug\SpeechRecognition.obj
         x64\Debug\SpeechRecognitionDlg.obj
         x64\Debug\stdafx.obj
         SpeechRecognition.vcxproj -> E:\MFC\SpeechRecognition\x64\Debug\SpeechRecognition.exe
       Manifest:
         C:\Program Files (x86)\Microsoft SDKs\Windows\v7.0A\bin\mt.exe /nologo /verbose /out:"x64\Debug\SpeechRecognition.exe.embed.manifest" /manifest x64\Debug\SpeechRecognition.exe.intermediate.manifest "C:\Program Files (x86)\Microsoft Visual Studio 10.0\VC\Include\Manifest\dpiaware.manifest"
         All outputs are up-to-date.
       LinkEmbedManifest:
         All outputs are up-to-date.
         SpeechRecognition.vcxproj -> E:\MFC\SpeechRecognition\x64\Debug\SpeechRecognition.exe
       FinalizeBuildStatus:
         Deleting file "x64\Debug\SpeechRecognition.unsuccessfulbuild".
         Touching "x64\Debug\SpeechRecognition.lastbuildstate".
     1>Done Building Project "E:\MFC\SpeechRecognition\SpeechRecognition\SpeechRecognition.vcxproj" (build target(s)).

Build succeeded.

Time Elapsed 00:00:18.46
